<?xml version="1.0" encoding="UTF-8"?>
<!-- Generated by org.testng.reporters.JUnitXMLReporter -->
<testsuite ignored="0" hostname="DESKTOP-GGVI3GN" failures="0" tests="8" name="ModuleOneTest" time="0.1" errors="0" timestamp="2022-10-21T10:49:16 IST">
  <testcase classname="ParallelScripts.SampleOne" name="testFour" time="0.009"/>
  <testcase classname="ParallelScripts.SampleOne" name="testOne" time="0.004"/>
  <testcase classname="ParallelScripts.SampleOne" name="testThree" time="0.002"/>
  <testcase classname="ParallelScripts.SampleOne" name="testTwo" time="0.002"/>
  <testcase classname="ParallelScripts.SampleTwo" name="SampleTestOne" time="0.003"/>
  <testcase classname="ParallelScripts.SampleTwo" name="SampletestFour" time="0.005"/>
  <testcase classname="ParallelScripts.SampleTwo" name="SampletestThree" time="0.002"/>
  <testcase classname="ParallelScripts.SampleTwo" name="SampletestTwo" time="0.001"/>
</testsuite> <!-- ModuleOneTest -->
