<?xml version="1.0" encoding="UTF-8"?>
<!-- Generated by org.testng.reporters.JUnitXMLReporter -->
<testsuite ignored="0" hostname="DESKTOP-GGVI3GN" failures="0" tests="3" name="ModuleTwo" time="0.078" errors="0" timestamp="2022-10-21T10:49:16 IST">
  <testcase classname="TestScripts.SampleThree" name="SearchCucumber" time="0.009"/>
  <testcase classname="TestScripts.SampleThree" name="SearchCypress" time="0.001"/>
  <testcase classname="TestScripts.SampleThree" name="SearchPlaywright" time="0.002"/>
</testsuite> <!-- ModuleTwo -->
